This is pdfTeX, Version 3.14159265-2.6-1.40.21 (MiKTeX 20.7) (preloaded format=pdflatex 2020.9.1)  20 JUN 2022 00:52
entering extended mode
**./thesis.tex
(thesis.tex
LaTeX2e <2020-02-02> patch level 5
L3 programming layer <2020-08-07> (common/iiththesis.cls
Document Class: common/iiththesis 2011/06/16 v1.2 IIT Hyderabad Thesis class
(C:\Users\91900\AppData\Local\Programs\MiKTeX\tex/latex/setspace\setspace.sty
Package: setspace 2011/12/19 v6.7a set line spacing
)
(C:\Users\91900\AppData\Local\Programs\MiKTeX\tex/latex/hyperref\hyperref.sty
Package: hyperref 2020-05-15 v7.00e Hypertext links for LaTeX

(C:\Users\91900\AppData\Local\Programs\MiKTeX\tex/generic/ltxcmds\ltxcmds.sty
Package: ltxcmds 2019/12/15 v1.24 LaTeX kernel commands for general use (HO)
)
(C:\Users\91900\AppData\Local\Programs\MiKTeX\tex/generic/iftex\iftex.sty
Package: iftex 2020/03/06 v1.0d TeX engine tests
)
(C:\Users\91900\AppData\Local\Programs\MiKTeX\tex/generic/pdftexcmds\pdftexcmds
.sty
Package: pdftexcmds 2020-06-27 v0.33 Utility functions of pdfTeX for LuaTeX (HO
)

(C:\Users\91900\AppData\Local\Programs\MiKTeX\tex/generic/infwarerr\infwarerr.s
ty
Package: infwarerr 2019/12/03 v1.5 Providing info/warning/error messages (HO)
)
Package pdftexcmds Info: \pdf@primitive is available.
Package pdftexcmds Info: \pdf@ifprimitive is available.
Package pdftexcmds Info: \pdfdraftmode found.
)
(C:\Users\91900\AppData\Local\Programs\MiKTeX\tex/latex/graphics\keyval.sty
Package: keyval 2014/10/28 v1.15 key=value parser (DPC)
\KV@toks@=\toks15
)
(C:\Users\91900\AppData\Local\Programs\MiKTeX\tex/generic/kvsetkeys\kvsetkeys.s
ty
Package: kvsetkeys 2019/12/15 v1.18 Key value parser (HO)
)
(C:\Users\91900\AppData\Local\Programs\MiKTeX\tex/generic/kvdefinekeys\kvdefine
keys.sty
Package: kvdefinekeys 2019-12-19 v1.6 Define keys (HO)
)
(C:\Users\91900\AppData\Local\Programs\MiKTeX\tex/generic/pdfescape\pdfescape.s
ty
Package: pdfescape 2019/12/09 v1.15 Implements pdfTeX's escape features (HO)
) (C:\Users\91900\AppData\Local\Programs\MiKTeX\tex/latex/hycolor\hycolor.sty
Package: hycolor 2020-01-27 v1.10 Color options for hyperref/bookmark (HO)
)
(C:\Users\91900\AppData\Local\Programs\MiKTeX\tex/latex/letltxmacro\letltxmacro
.sty
Package: letltxmacro 2019/12/03 v1.6 Let assignment for LaTeX macros (HO)
)
(C:\Users\91900\AppData\Local\Programs\MiKTeX\tex/latex/auxhook\auxhook.sty
Package: auxhook 2019-12-17 v1.6 Hooks for auxiliary files (HO)
)
(C:\Users\91900\AppData\Local\Programs\MiKTeX\tex/latex/kvoptions\kvoptions.sty
Package: kvoptions 2019/11/29 v3.13 Key value format for package options (HO)
)
\@linkdim=\dimen134
\Hy@linkcounter=\count168
\Hy@pagecounter=\count169
 (C:\Users\91900\AppData\Local\Programs\MiKTeX\tex/latex/hyperref\pd1enc.def
File: pd1enc.def 2020-05-15 v7.00e Hyperref: PDFDocEncoding definition (HO)
Now handling font encoding PD1 ...
... no UTF-8 mapping file for font encoding PD1
)
(C:\Users\91900\AppData\Local\Programs\MiKTeX\tex/generic/intcalc\intcalc.sty
Package: intcalc 2019/12/15 v1.3 Expandable calculations with integers (HO)
)
(C:\Users\91900\AppData\Local\Programs\MiKTeX\tex/generic/etexcmds\etexcmds.sty
Package: etexcmds 2019/12/15 v1.7 Avoid name clashes with e-TeX commands (HO)
)
\Hy@SavedSpaceFactor=\count170
Package hyperref Info: Hyper figures OFF on input line 4464.
Package hyperref Info: Link nesting OFF on input line 4469.
Package hyperref Info: Hyper index ON on input line 4472.
Package hyperref Info: Plain pages OFF on input line 4479.
Package hyperref Info: Backreferencing OFF on input line 4484.
Package hyperref Info: Implicit mode ON; LaTeX internals redefined.
Package hyperref Info: Bookmarks ON on input line 4717.
\c@Hy@tempcnt=\count171
 (C:\Users\91900\AppData\Local\Programs\MiKTeX\tex/latex/url\url.sty
\Urlmuskip=\muskip16
Package: url 2013/09/16  ver 3.4  Verb mode for urls, etc.
)
LaTeX Info: Redefining \url on input line 5076.
\XeTeXLinkMargin=\dimen135

(C:\Users\91900\AppData\Local\Programs\MiKTeX\tex/generic/bitset\bitset.sty
Package: bitset 2019/12/09 v1.3 Handle bit-vector datatype (HO)

(C:\Users\91900\AppData\Local\Programs\MiKTeX\tex/generic/bigintcalc\bigintcalc
.sty
Package: bigintcalc 2019/12/15 v1.5 Expandable calculations on big integers (HO
)
))
\Fld@menulength=\count172
\Field@Width=\dimen136
\Fld@charsize=\dimen137
Package hyperref Info: Hyper figures OFF on input line 6347.
Package hyperref Info: Link nesting OFF on input line 6352.
Package hyperref Info: Hyper index ON on input line 6355.
Package hyperref Info: backreferencing OFF on input line 6362.
Package hyperref Info: Link coloring OFF on input line 6367.
Package hyperref Info: Link coloring with OCG OFF on input line 6372.
Package hyperref Info: PDF/A mode OFF on input line 6377.
LaTeX Info: Redefining \ref on input line 6417.
LaTeX Info: Redefining \pageref on input line 6421.

(C:\Users\91900\AppData\Local\Programs\MiKTeX\tex/generic/atbegshi\atbegshi.sty
Package: atbegshi 2019/12/05 v1.19 At begin shipout hook (HO)
)

Package hyperref Warning: Option `pdfpagelabels' is turned off
(hyperref)                because \thepage is undefined.

\c@Item=\count173
\c@Hfootnote=\count174
)
Package hyperref Info: Driver (autodetected): hpdftex.
 (C:\Users\91900\AppData\Local\Programs\MiKTeX\tex/latex/hyperref\hpdftex.def
File: hpdftex.def 2020-05-15 v7.00e Hyperref driver for pdfTeX
\Fld@listcount=\count175
\c@bookmark@seq@number=\count176

(C:\Users\91900\AppData\Local\Programs\MiKTeX\tex/latex/rerunfilecheck\rerunfil
echeck.sty
Package: rerunfilecheck 2019/12/05 v1.9 Rerun checks for auxiliary files (HO)

(C:\Users\91900\AppData\Local\Programs\MiKTeX\tex/latex/atveryend\atveryend.sty
Package: atveryend 2019-12-11 v1.11 Hooks at the very end of document (HO)
Package atveryend Info: \enddocument detected (standard20110627).
)
(C:\Users\91900\AppData\Local\Programs\MiKTeX\tex/generic/uniquecounter\uniquec
ounter.sty
Package: uniquecounter 2019/12/15 v1.4 Provide unlimited unique counter (HO)
)
Package uniquecounter Info: New unique counter `rerunfilecheck' on input line 2
86.
)
\Hy@SectionHShift=\skip47
)
(C:\Users\91900\AppData\Local\Programs\MiKTeX\tex/latex/tools\array.sty
Package: array 2019/08/31 v2.4l Tabular extension package (FMi)
\col@sep=\dimen138
\ar@mcellbox=\box45
\extrarowheight=\dimen139
\NC@list=\toks16
\extratabsurround=\skip48
\backup@length=\skip49
\ar@cellbox=\box46
)
(C:\Users\91900\AppData\Local\Programs\MiKTeX\tex/latex/pgf/frontendlayer\tikz.
sty
(C:\Users\91900\AppData\Local\Programs\MiKTeX\tex/latex/pgf/basiclayer\pgf.sty
(C:\Users\91900\AppData\Local\Programs\MiKTeX\tex/latex/pgf/utilities\pgfrcs.st
y
(C:\Users\91900\AppData\Local\Programs\MiKTeX\tex/generic/pgf/utilities\pgfutil
-common.tex
\pgfutil@everybye=\toks17
\pgfutil@tempdima=\dimen140
\pgfutil@tempdimb=\dimen141

(C:\Users\91900\AppData\Local\Programs\MiKTeX\tex/generic/pgf/utilities\pgfutil
-common-lists.tex))
(C:\Users\91900\AppData\Local\Programs\MiKTeX\tex/generic/pgf/utilities\pgfutil
-latex.def
\pgfutil@abb=\box47

(C:\Users\91900\AppData\Local\Programs\MiKTeX\tex/latex/ms\everyshi.sty
Package: everyshi 2001/05/15 v3.00 EveryShipout Package (MS)
))
(C:\Users\91900\AppData\Local\Programs\MiKTeX\tex/generic/pgf/utilities\pgfrcs.
code.tex
(C:\Users\91900\AppData\Local\Programs\MiKTeX\tex/generic/pgf\pgf.revision.tex)
Package: pgfrcs 2020/01/08 v3.1.5b (3.1.5b)
))
Package: pgf 2020/01/08 v3.1.5b (3.1.5b)

(C:\Users\91900\AppData\Local\Programs\MiKTeX\tex/latex/pgf/basiclayer\pgfcore.
sty
(C:\Users\91900\AppData\Local\Programs\MiKTeX\tex/latex/graphics\graphicx.sty
Package: graphicx 2019/11/30 v1.2a Enhanced LaTeX Graphics (DPC,SPQR)

(C:\Users\91900\AppData\Local\Programs\MiKTeX\tex/latex/graphics\graphics.sty
Package: graphics 2019/11/30 v1.4a Standard LaTeX Graphics (DPC,SPQR)

(C:\Users\91900\AppData\Local\Programs\MiKTeX\tex/latex/graphics\trig.sty
Package: trig 2016/01/03 v1.10 sin cos tan (DPC)
)
(C:\Users\91900\AppData\Local\Programs\MiKTeX\tex/latex/graphics-cfg\graphics.c
fg
File: graphics.cfg 2016/06/04 v1.11 sample graphics configuration
)
Package graphics Info: Driver file: pdftex.def on input line 105.

(C:\Users\91900\AppData\Local\Programs\MiKTeX\tex/latex/graphics-def\pdftex.def
File: pdftex.def 2018/01/08 v1.0l Graphics/color driver for pdftex
))
\Gin@req@height=\dimen142
\Gin@req@width=\dimen143
)
(C:\Users\91900\AppData\Local\Programs\MiKTeX\tex/latex/pgf/systemlayer\pgfsys.
sty
(C:\Users\91900\AppData\Local\Programs\MiKTeX\tex/generic/pgf/systemlayer\pgfsy
s.code.tex
Package: pgfsys 2020/01/08 v3.1.5b (3.1.5b)

(C:\Users\91900\AppData\Local\Programs\MiKTeX\tex/generic/pgf/utilities\pgfkeys
.code.tex
\pgfkeys@pathtoks=\toks18
\pgfkeys@temptoks=\toks19

(C:\Users\91900\AppData\Local\Programs\MiKTeX\tex/generic/pgf/utilities\pgfkeys
filtered.code.tex
\pgfkeys@tmptoks=\toks20
))
\pgf@x=\dimen144
\pgf@y=\dimen145
\pgf@xa=\dimen146
\pgf@ya=\dimen147
\pgf@xb=\dimen148
\pgf@yb=\dimen149
\pgf@xc=\dimen150
\pgf@yc=\dimen151
\pgf@xd=\dimen152
\pgf@yd=\dimen153
\w@pgf@writea=\write3
\r@pgf@reada=\read2
\c@pgf@counta=\count177
\c@pgf@countb=\count178
\c@pgf@countc=\count179
\c@pgf@countd=\count180
\t@pgf@toka=\toks21
\t@pgf@tokb=\toks22
\t@pgf@tokc=\toks23
\pgf@sys@id@count=\count181

(C:\Users\91900\AppData\Local\Programs\MiKTeX\tex/generic/pgf/systemlayer\pgf.c
fg
File: pgf.cfg 2020/01/08 v3.1.5b (3.1.5b)
)
Driver file for pgf: pgfsys-pdftex.def

(C:\Users\91900\AppData\Local\Programs\MiKTeX\tex/generic/pgf/systemlayer\pgfsy
s-pdftex.def
File: pgfsys-pdftex.def 2020/01/08 v3.1.5b (3.1.5b)

(C:\Users\91900\AppData\Local\Programs\MiKTeX\tex/generic/pgf/systemlayer\pgfsy
s-common-pdf.def
File: pgfsys-common-pdf.def 2020/01/08 v3.1.5b (3.1.5b)
)))
(C:\Users\91900\AppData\Local\Programs\MiKTeX\tex/generic/pgf/systemlayer\pgfsy
ssoftpath.code.tex
File: pgfsyssoftpath.code.tex 2020/01/08 v3.1.5b (3.1.5b)
\pgfsyssoftpath@smallbuffer@items=\count182
\pgfsyssoftpath@bigbuffer@items=\count183
)
(C:\Users\91900\AppData\Local\Programs\MiKTeX\tex/generic/pgf/systemlayer\pgfsy
sprotocol.code.tex
File: pgfsysprotocol.code.tex 2020/01/08 v3.1.5b (3.1.5b)
))
(C:\Users\91900\AppData\Local\Programs\MiKTeX\tex/latex/xcolor\xcolor.sty
Package: xcolor 2016/05/11 v2.12 LaTeX color extensions (UK)

(C:\Users\91900\AppData\Local\Programs\MiKTeX\tex/latex/graphics-cfg\color.cfg
File: color.cfg 2016/01/02 v1.6 sample color configuration
)
Package xcolor Info: Driver file: pdftex.def on input line 225.
Package xcolor Info: Model `cmy' substituted by `cmy0' on input line 1348.
Package xcolor Info: Model `hsb' substituted by `rgb' on input line 1352.
Package xcolor Info: Model `RGB' extended on input line 1364.
Package xcolor Info: Model `HTML' substituted by `rgb' on input line 1366.
Package xcolor Info: Model `Hsb' substituted by `hsb' on input line 1367.
Package xcolor Info: Model `tHsb' substituted by `hsb' on input line 1368.
Package xcolor Info: Model `HSB' substituted by `hsb' on input line 1369.
Package xcolor Info: Model `Gray' substituted by `gray' on input line 1370.
Package xcolor Info: Model `wave' substituted by `hsb' on input line 1371.
)
(C:\Users\91900\AppData\Local\Programs\MiKTeX\tex/generic/pgf/basiclayer\pgfcor
e.code.tex
Package: pgfcore 2020/01/08 v3.1.5b (3.1.5b)

(C:\Users\91900\AppData\Local\Programs\MiKTeX\tex/generic/pgf/math\pgfmath.code
.tex
(C:\Users\91900\AppData\Local\Programs\MiKTeX\tex/generic/pgf/math\pgfmathcalc.
code.tex
(C:\Users\91900\AppData\Local\Programs\MiKTeX\tex/generic/pgf/math\pgfmathutil.
code.tex)
(C:\Users\91900\AppData\Local\Programs\MiKTeX\tex/generic/pgf/math\pgfmathparse
r.code.tex
\pgfmath@dimen=\dimen154
\pgfmath@count=\count184
\pgfmath@box=\box48
\pgfmath@toks=\toks24
\pgfmath@stack@operand=\toks25
\pgfmath@stack@operation=\toks26
)
(C:\Users\91900\AppData\Local\Programs\MiKTeX\tex/generic/pgf/math\pgfmathfunct
ions.code.tex
(C:\Users\91900\AppData\Local\Programs\MiKTeX\tex/generic/pgf/math\pgfmathfunct
ions.basic.code.tex)
(C:\Users\91900\AppData\Local\Programs\MiKTeX\tex/generic/pgf/math\pgfmathfunct
ions.trigonometric.code.tex)
(C:\Users\91900\AppData\Local\Programs\MiKTeX\tex/generic/pgf/math\pgfmathfunct
ions.random.code.tex)
(C:\Users\91900\AppData\Local\Programs\MiKTeX\tex/generic/pgf/math\pgfmathfunct
ions.comparison.code.tex)
(C:\Users\91900\AppData\Local\Programs\MiKTeX\tex/generic/pgf/math\pgfmathfunct
ions.base.code.tex)
(C:\Users\91900\AppData\Local\Programs\MiKTeX\tex/generic/pgf/math\pgfmathfunct
ions.round.code.tex)
(C:\Users\91900\AppData\Local\Programs\MiKTeX\tex/generic/pgf/math\pgfmathfunct
ions.misc.code.tex)
(C:\Users\91900\AppData\Local\Programs\MiKTeX\tex/generic/pgf/math\pgfmathfunct
ions.integerarithmetics.code.tex)))
(C:\Users\91900\AppData\Local\Programs\MiKTeX\tex/generic/pgf/math\pgfmathfloat
.code.tex
\c@pgfmathroundto@lastzeros=\count185
))
(C:\Users\91900\AppData\Local\Programs\MiKTeX\tex/generic/pgf/math\pgfint.code.
tex)
(C:\Users\91900\AppData\Local\Programs\MiKTeX\tex/generic/pgf/basiclayer\pgfcor
epoints.code.tex
File: pgfcorepoints.code.tex 2020/01/08 v3.1.5b (3.1.5b)
\pgf@picminx=\dimen155
\pgf@picmaxx=\dimen156
\pgf@picminy=\dimen157
\pgf@picmaxy=\dimen158
\pgf@pathminx=\dimen159
\pgf@pathmaxx=\dimen160
\pgf@pathminy=\dimen161
\pgf@pathmaxy=\dimen162
\pgf@xx=\dimen163
\pgf@xy=\dimen164
\pgf@yx=\dimen165
\pgf@yy=\dimen166
\pgf@zx=\dimen167
\pgf@zy=\dimen168
)
(C:\Users\91900\AppData\Local\Programs\MiKTeX\tex/generic/pgf/basiclayer\pgfcor
epathconstruct.code.tex
File: pgfcorepathconstruct.code.tex 2020/01/08 v3.1.5b (3.1.5b)
\pgf@path@lastx=\dimen169
\pgf@path@lasty=\dimen170
)
(C:\Users\91900\AppData\Local\Programs\MiKTeX\tex/generic/pgf/basiclayer\pgfcor
epathusage.code.tex
File: pgfcorepathusage.code.tex 2020/01/08 v3.1.5b (3.1.5b)
\pgf@shorten@end@additional=\dimen171
\pgf@shorten@start@additional=\dimen172
)
(C:\Users\91900\AppData\Local\Programs\MiKTeX\tex/generic/pgf/basiclayer\pgfcor
escopes.code.tex
File: pgfcorescopes.code.tex 2020/01/08 v3.1.5b (3.1.5b)
\pgfpic=\box49
\pgf@hbox=\box50
\pgf@layerbox@main=\box51
\pgf@picture@serial@count=\count186
)
(C:\Users\91900\AppData\Local\Programs\MiKTeX\tex/generic/pgf/basiclayer\pgfcor
egraphicstate.code.tex
File: pgfcoregraphicstate.code.tex 2020/01/08 v3.1.5b (3.1.5b)
\pgflinewidth=\dimen173
)
(C:\Users\91900\AppData\Local\Programs\MiKTeX\tex/generic/pgf/basiclayer\pgfcor
etransformations.code.tex
File: pgfcoretransformations.code.tex 2020/01/08 v3.1.5b (3.1.5b)
\pgf@pt@x=\dimen174
\pgf@pt@y=\dimen175
\pgf@pt@temp=\dimen176
)
(C:\Users\91900\AppData\Local\Programs\MiKTeX\tex/generic/pgf/basiclayer\pgfcor
equick.code.tex
File: pgfcorequick.code.tex 2020/01/08 v3.1.5b (3.1.5b)
)
(C:\Users\91900\AppData\Local\Programs\MiKTeX\tex/generic/pgf/basiclayer\pgfcor
eobjects.code.tex
File: pgfcoreobjects.code.tex 2020/01/08 v3.1.5b (3.1.5b)
)
(C:\Users\91900\AppData\Local\Programs\MiKTeX\tex/generic/pgf/basiclayer\pgfcor
epathprocessing.code.tex
File: pgfcorepathprocessing.code.tex 2020/01/08 v3.1.5b (3.1.5b)
)
(C:\Users\91900\AppData\Local\Programs\MiKTeX\tex/generic/pgf/basiclayer\pgfcor
earrows.code.tex
File: pgfcorearrows.code.tex 2020/01/08 v3.1.5b (3.1.5b)
\pgfarrowsep=\dimen177
)
(C:\Users\91900\AppData\Local\Programs\MiKTeX\tex/generic/pgf/basiclayer\pgfcor
eshade.code.tex
File: pgfcoreshade.code.tex 2020/01/08 v3.1.5b (3.1.5b)
\pgf@max=\dimen178
\pgf@sys@shading@range@num=\count187
\pgf@shadingcount=\count188
)
(C:\Users\91900\AppData\Local\Programs\MiKTeX\tex/generic/pgf/basiclayer\pgfcor
eimage.code.tex
File: pgfcoreimage.code.tex 2020/01/08 v3.1.5b (3.1.5b)

(C:\Users\91900\AppData\Local\Programs\MiKTeX\tex/generic/pgf/basiclayer\pgfcor
eexternal.code.tex
File: pgfcoreexternal.code.tex 2020/01/08 v3.1.5b (3.1.5b)
\pgfexternal@startupbox=\box52
))
(C:\Users\91900\AppData\Local\Programs\MiKTeX\tex/generic/pgf/basiclayer\pgfcor
elayers.code.tex
File: pgfcorelayers.code.tex 2020/01/08 v3.1.5b (3.1.5b)
)
(C:\Users\91900\AppData\Local\Programs\MiKTeX\tex/generic/pgf/basiclayer\pgfcor
etransparency.code.tex
File: pgfcoretransparency.code.tex 2020/01/08 v3.1.5b (3.1.5b)
)
(C:\Users\91900\AppData\Local\Programs\MiKTeX\tex/generic/pgf/basiclayer\pgfcor
epatterns.code.tex
File: pgfcorepatterns.code.tex 2020/01/08 v3.1.5b (3.1.5b)
)
(C:\Users\91900\AppData\Local\Programs\MiKTeX\tex/generic/pgf/basiclayer\pgfcor
erdf.code.tex
File: pgfcorerdf.code.tex 2020/01/08 v3.1.5b (3.1.5b)
)))
(C:\Users\91900\AppData\Local\Programs\MiKTeX\tex/generic/pgf/modules\pgfmodule
shapes.code.tex
File: pgfmoduleshapes.code.tex 2020/01/08 v3.1.5b (3.1.5b)
\pgfnodeparttextbox=\box53
)
(C:\Users\91900\AppData\Local\Programs\MiKTeX\tex/generic/pgf/modules\pgfmodule
plot.code.tex
File: pgfmoduleplot.code.tex 2020/01/08 v3.1.5b (3.1.5b)
)
(C:\Users\91900\AppData\Local\Programs\MiKTeX\tex/latex/pgf/compatibility\pgfco
mp-version-0-65.sty
Package: pgfcomp-version-0-65 2020/01/08 v3.1.5b (3.1.5b)
\pgf@nodesepstart=\dimen179
\pgf@nodesepend=\dimen180
)
(C:\Users\91900\AppData\Local\Programs\MiKTeX\tex/latex/pgf/compatibility\pgfco
mp-version-1-18.sty
Package: pgfcomp-version-1-18 2020/01/08 v3.1.5b (3.1.5b)
))
(C:\Users\91900\AppData\Local\Programs\MiKTeX\tex/latex/pgf/utilities\pgffor.st
y
(C:\Users\91900\AppData\Local\Programs\MiKTeX\tex/latex/pgf/utilities\pgfkeys.s
ty
(C:\Users\91900\AppData\Local\Programs\MiKTeX\tex/generic/pgf/utilities\pgfkeys
.code.tex))
(C:\Users\91900\AppData\Local\Programs\MiKTeX\tex/latex/pgf/math\pgfmath.sty
(C:\Users\91900\AppData\Local\Programs\MiKTeX\tex/generic/pgf/math\pgfmath.code
.tex))
(C:\Users\91900\AppData\Local\Programs\MiKTeX\tex/generic/pgf/utilities\pgffor.
code.tex
Package: pgffor 2020/01/08 v3.1.5b (3.1.5b)

(C:\Users\91900\AppData\Local\Programs\MiKTeX\tex/generic/pgf/math\pgfmath.code
.tex)
\pgffor@iter=\dimen181
\pgffor@skip=\dimen182
\pgffor@stack=\toks27
\pgffor@toks=\toks28
))
(C:\Users\91900\AppData\Local\Programs\MiKTeX\tex/generic/pgf/frontendlayer/tik
z\tikz.code.tex
Package: tikz 2020/01/08 v3.1.5b (3.1.5b)

(C:\Users\91900\AppData\Local\Programs\MiKTeX\tex/generic/pgf/libraries\pgflibr
aryplothandlers.code.tex
File: pgflibraryplothandlers.code.tex 2020/01/08 v3.1.5b (3.1.5b)
\pgf@plot@mark@count=\count189
\pgfplotmarksize=\dimen183
)
\tikz@lastx=\dimen184
\tikz@lasty=\dimen185
\tikz@lastxsaved=\dimen186
\tikz@lastysaved=\dimen187
\tikz@lastmovetox=\dimen188
\tikz@lastmovetoy=\dimen189
\tikzleveldistance=\dimen190
\tikzsiblingdistance=\dimen191
\tikz@figbox=\box54
\tikz@figbox@bg=\box55
\tikz@tempbox=\box56
\tikz@tempbox@bg=\box57
\tikztreelevel=\count190
\tikznumberofchildren=\count191
\tikznumberofcurrentchild=\count192
\tikz@fig@count=\count193

(C:\Users\91900\AppData\Local\Programs\MiKTeX\tex/generic/pgf/modules\pgfmodule
matrix.code.tex
File: pgfmodulematrix.code.tex 2020/01/08 v3.1.5b (3.1.5b)
\pgfmatrixcurrentrow=\count194
\pgfmatrixcurrentcolumn=\count195
\pgf@matrix@numberofcolumns=\count196
)
\tikz@expandcount=\count197

(C:\Users\91900\AppData\Local\Programs\MiKTeX\tex/generic/pgf/frontendlayer/tik
z/libraries\tikzlibrarytopaths.code.tex
File: tikzlibrarytopaths.code.tex 2020/01/08 v3.1.5b (3.1.5b)
)))
(C:\Users\91900\AppData\Local\Programs\MiKTeX\tex/generic/iftex\ifxetex.sty
Package: ifxetex 2019/10/25 v0.7 ifxetex legacy package. Use iftex instead.
)
\c@subyear=\count198

(C:\Users\91900\AppData\Local\Programs\MiKTeX\tex/latex/base\report.cls
Document Class: report 2019/12/20 v1.4l Standard LaTeX document class
(C:\Users\91900\AppData\Local\Programs\MiKTeX\tex/latex/base\size10.clo
File: size10.clo 2019/12/20 v1.4l Standard LaTeX file (size option)
)
\c@part=\count199
\c@chapter=\count266
\c@section=\count267
\c@subsection=\count268
\c@subsubsection=\count269
\c@paragraph=\count270
\c@subparagraph=\count271
\c@figure=\count272
\c@table=\count273
\abovecaptionskip=\skip50
\belowcaptionskip=\skip51
\bibindent=\dimen192
))
(C:\Users\91900\AppData\Local\Programs\MiKTeX\tex/latex/caption\caption.sty
Package: caption 2020/05/30 v3.4k Customizing captions (AR)

(C:\Users\91900\AppData\Local\Programs\MiKTeX\tex/latex/caption\caption3.sty
Package: caption3 2020/07/20 v1.12b caption3 kernel (AR)
Package caption3 Info: TeX engine: e-TeX on input line 61.
\captionmargin=\dimen193
\captionmargin@=\dimen194
\captionwidth=\dimen195
\caption@tempdima=\dimen196
\caption@indent=\dimen197
\caption@parindent=\dimen198
\caption@hangindent=\dimen199
Package caption Info: Standard document class detected.
)
\c@caption@flags=\count274
\c@continuedfloat=\count275
Package caption Info: hyperref package is loaded.
)
(C:\Users\91900\AppData\Local\Programs\MiKTeX\tex/latex/graphics\lscape.sty
Package: lscape 2000/10/22 v3.01 Landscape Pages (DPC)
)
(C:\Users\91900\AppData\Local\Programs\MiKTeX\tex/latex/float\float.sty
Package: float 2001/11/08 v1.3d Float enhancements (AL)
\c@float@type=\count276
\float@exts=\toks29
\float@box=\box58
\@float@everytoks=\toks30
\@floatcapt=\box59
)
(C:\Users\91900\AppData\Local\Programs\MiKTeX\tex/latex/tcolorbox\tcolorbox.sty
Package: tcolorbox 2020/07/31 version 4.31 text color boxes
(C:\Users\91900\AppData\Local\Programs\MiKTeX\tex/latex/tools\verbatim.sty
Package: verbatim 2019/11/10 v1.5r LaTeX2e package for verbatim enhancements
\every@verbatim=\toks31
\verbatim@line=\toks32
\verbatim@in@stream=\read3
)
(C:\Users\91900\AppData\Local\Programs\MiKTeX\tex/latex/environ\environ.sty
Package: environ 2014/05/04 v0.3 A new way to define environments

(C:\Users\91900\AppData\Local\Programs\MiKTeX\tex/latex/trimspaces\trimspaces.s
ty
Package: trimspaces 2009/09/17 v1.1 Trim spaces around a token list
)
\@envbody=\toks33
)
(C:\Users\91900\AppData\Local\Programs\MiKTeX\tex/latex/etoolbox\etoolbox.sty
Package: etoolbox 2020/08/24 v2.5j e-TeX tools for LaTeX (JAW)
\etb@tempcnta=\count277
)
\tcb@titlebox=\box60
\tcb@upperbox=\box61
\tcb@lowerbox=\box62
\tcb@phantombox=\box63
\c@tcbbreakpart=\count278
\c@tcblayer=\count279
\c@tcolorbox@number=\count280
\tcb@temp=\box64
\tcb@temp=\box65
\tcb@temp=\box66
\tcb@temp=\box67
\tcb@out=\write4
\tcb@record@out=\write5
) (C:\Users\91900\AppData\Local\Programs\MiKTeX\tex/latex/listings\listings.sty
\lst@mode=\count281
\lst@gtempboxa=\box68
\lst@token=\toks34
\lst@length=\count282
\lst@currlwidth=\dimen256
\lst@column=\count283
\lst@pos=\count284
\lst@lostspace=\dimen257
\lst@width=\dimen258
\lst@newlines=\count285
\lst@lineno=\count286
\lst@maxwidth=\dimen259

(C:\Users\91900\AppData\Local\Programs\MiKTeX\tex/latex/listings\lstmisc.sty
File: lstmisc.sty 2020/03/24 1.8d (Carsten Heinz)
\c@lstnumber=\count287
\lst@skipnumbers=\count288
\lst@framebox=\box69
)
(C:\Users\91900\AppData\Local\Programs\MiKTeX\tex/latex/listings\listings.cfg
File: listings.cfg 2020/03/24 1.8d listings configuration
))
Package: listings 2020/03/24 1.8d (Carsten Heinz)
(C:\Users\91900\AppData\Local\Programs\MiKTeX\tex/latex/psnfss\courier.sty
Package: courier 2020/03/25 PSNFSS-v9.3 (WaS) 
)
(abstract/abstract.tex)
(C:\Users\91900\AppData\Local\Programs\MiKTeX\tex/latex/l3backend\l3backend-pdf
mode.def
File: l3backend-pdfmode.def 2020-08-07 L3 backend support: PDF mode
\l__kernel_color_stack_int=\count289
\l__pdf_internal_box=\box70
) (thesis.aux

LaTeX Warning: Label `BLDC_runner' multiply defined.


LaTeX Warning: Label `Basics_motor_control' multiply defined.


LaTeX Warning: Label `Flow_UGV_flysky' multiply defined.

)
\openout1 = `thesis.aux'.

LaTeX Font Info:    Checking defaults for OML/cmm/m/it on input line 44.
LaTeX Font Info:    ... okay on input line 44.
LaTeX Font Info:    Checking defaults for OMS/cmsy/m/n on input line 44.
LaTeX Font Info:    ... okay on input line 44.
LaTeX Font Info:    Checking defaults for OT1/cmr/m/n on input line 44.
LaTeX Font Info:    ... okay on input line 44.
LaTeX Font Info:    Checking defaults for T1/cmr/m/n on input line 44.
LaTeX Font Info:    ... okay on input line 44.
LaTeX Font Info:    Checking defaults for TS1/cmr/m/n on input line 44.
LaTeX Font Info:    ... okay on input line 44.
LaTeX Font Info:    Checking defaults for OMX/cmex/m/n on input line 44.
LaTeX Font Info:    ... okay on input line 44.
LaTeX Font Info:    Checking defaults for U/cmr/m/n on input line 44.
LaTeX Font Info:    ... okay on input line 44.
LaTeX Font Info:    Checking defaults for PD1/pdf/m/n on input line 44.
LaTeX Font Info:    ... okay on input line 44.
\AtBeginShipoutBox=\box71
Package hyperref Info: Link coloring OFF on input line 44.
 (C:\Users\91900\AppData\Local\Programs\MiKTeX\tex/latex/hyperref\nameref.sty
Package: nameref 2019/09/16 v2.46 Cross-referencing by name of section

(C:\Users\91900\AppData\Local\Programs\MiKTeX\tex/latex/refcount\refcount.sty
Package: refcount 2019/12/15 v3.6 Data extraction from label references (HO)
)
(C:\Users\91900\AppData\Local\Programs\MiKTeX\tex/generic/gettitlestring\gettit
lestring.sty
Package: gettitlestring 2019/12/15 v1.6 Cleanup title references (HO)
)
\c@section@level=\count290
)
LaTeX Info: Redefining \ref on input line 44.
LaTeX Info: Redefining \pageref on input line 44.
LaTeX Info: Redefining \nameref on input line 44.
 (thesis.out) (thesis.out)
\@outlinefile=\write6
\openout6 = `thesis.out'.

 ABD: EveryShipout initializing macros
(C:\Users\91900\AppData\Local\Programs\MiKTeX\tex/context/base/mkii\supp-pdf.mk
ii
[Loading MPS to PDF converter (version 2006.09.02).]
\scratchcounter=\count291
\scratchdimen=\dimen260
\scratchbox=\box72
\nofMPsegments=\count292
\nofMParguments=\count293
\everyMPshowfont=\toks35
\MPscratchCnt=\count294
\MPscratchDim=\dimen261
\MPnumerator=\count295
\makeMPintoPDFobject=\count296
\everyMPtoPDFconversion=\toks36
)
(C:\Users\91900\AppData\Local\Programs\MiKTeX\tex/latex/epstopdf-pkg\epstopdf-b
ase.sty
Package: epstopdf-base 2020-01-24 v2.11 Base part for package epstopdf
Package epstopdf-base Info: Redefining graphics rule for `.eps' on input line 4
85.
) [1

{C:/Users/91900/AppData/Local/MiKTeX/pdftex/config/pdftex.map}]
[2

] [3

] (thesis.toc
LaTeX Font Info:    External font `cmex10' loaded for size
(Font)              <7> on input line 1.
LaTeX Font Info:    External font `cmex10' loaded for size
(Font)              <5> on input line 1.
 [4


])
\tf@toc=\write7
\openout7 = `thesis.toc'.

 [5] (thesis.lof [6

])
\tf@lof=\write8
\openout8 = `thesis.lof'.

 [7]
Package caption Info: Begin \AtBeginDocument code.
Package caption Info: float package is loaded.
Package caption Info: listings package is loaded.
Package caption Info: End \AtBeginDocument code.
\c@lstlisting=\count297
 (chapter-1/introduction.tex
Chapter 1.
<./Figures/ESP32.jpg, id=308, 1003.75pt x 1003.75pt>
File: ./Figures/ESP32.jpg Graphic file (type jpg)
<use ./Figures/ESP32.jpg>
Package pdftex.def Info: ./Figures/ESP32.jpg  used on input line 9.
(pdftex.def)             Requested size: 142.26378pt x 142.25475pt.
[1





 <./Figures/ESP32.jpg>]
<./Figures/Vaman.png, id=313, 3774.26387pt x 3299.34674pt>
File: ./Figures/Vaman.png Graphic file (type png)
<use ./Figures/Vaman.png>
Package pdftex.def Info: ./Figures/Vaman.png  used on input line 21.
(pdftex.def)             Requested size: 398.33858pt x 348.1785pt.
<./Figures/Arduino_Uno.jpg, id=315, 1029.03851pt x 772.3182pt>
File: ./Figures/Arduino_Uno.jpg Graphic file (type jpg)
<use ./Figures/Arduino_Uno.jpg>
Package pdftex.def Info: ./Figures/Arduino_Uno.jpg  used on input line 32.
(pdftex.def)             Requested size: 170.71652pt x 128.1223pt.


LaTeX Warning: `!h' float specifier changed to `!ht'.

<./Figures/Rpi_3B.png, id=316, 501.875pt x 301.125pt>
File: ./Figures/Rpi_3B.png Graphic file (type png)
<use ./Figures/Rpi_3B.png>
Package pdftex.def Info: ./Figures/Rpi_3B.png  used on input line 41.
(pdftex.def)             Requested size: 256.0748pt x 153.64981pt.
[2 <./Figures/Vaman.png>]
LaTeX Font Info:    Trying to load font information for OML+cmr on input line 5
7.

(C:\Users\91900\AppData\Local\Programs\MiKTeX\tex/latex/base\omlcmr.fd
File: omlcmr.fd 2019/12/16 v2.5j Standard LaTeX font definitions
)
LaTeX Font Info:    Font shape `OML/cmr/m/n' in size <10> not available
(Font)              Font shape `OML/cmm/m/it' tried instead on input line 57.

Overfull \hbox (34.94771pt too wide) in paragraph at lines 50--65
 [][] 
 []

[3 <./Figures/Arduino_Uno.jpg> <./Figures/Rpi_3B.png>])
(chapter-2/chapter-2.tex [4]
Chapter 2.
<./Figures/PWM_speed_control.png, id=333, 675.52374pt x 514.92375pt>
File: ./Figures/PWM_speed_control.png Graphic file (type png)
<use ./Figures/PWM_speed_control.png>
Package pdftex.def Info: ./Figures/PWM_speed_control.png  used on input line 13
.
(pdftex.def)             Requested size: 341.43306pt x 260.26622pt.

LaTeX Warning: `!h' float specifier changed to `!ht'.

<./Figures/Motor_driver_L298.jpg, id=335, 752.8125pt x 501.875pt>
File: ./Figures/Motor_driver_L298.jpg Graphic file (type jpg)
<use ./Figures/Motor_driver_L298.jpg>
Package pdftex.def Info: ./Figures/Motor_driver_L298.jpg  used on input line 26
.
(pdftex.def)             Requested size: 256.0748pt x 170.71947pt.

LaTeX Warning: `!h' float specifier changed to `!ht'.

[5

] [6 <./Figures/PWM_speed_control.png (PNG copy)> <./Figures/Motor_driver_L298.
jpg>]
<./Figures/Driver_module_connection.png, id=346, 600.5637pt x 364.9635pt>
File: ./Figures/Driver_module_connection.png Graphic file (type png)
<use ./Figures/Driver_module_connection.png>
Package pdftex.def Info: ./Figures/Driver_module_connection.png  used on input 
line 41.
(pdftex.def)             Requested size: 433.62pt x 263.51974pt.
 [7 <./Figures/Driver_module_connection.png>]
<./Figures/BLDC_runner.jpg, id=352, 770.88pt x 417.56pt>
File: ./Figures/BLDC_runner.jpg Graphic file (type jpg)
<use ./Figures/BLDC_runner.jpg>
Package pdftex.def Info: ./Figures/BLDC_runner.jpg  used on input line 52.
(pdftex.def)             Requested size: 312.9803pt x 169.53137pt.
<./Figures/BLDC_pole.jpg, id=354, 1292.83pt x 714.67pt>
File: ./Figures/BLDC_pole.jpg Graphic file (type jpg)
<use ./Figures/BLDC_pole.jpg>
Package pdftex.def Info: ./Figures/BLDC_pole.jpg  used on input line 61.
(pdftex.def)             Requested size: 312.9803pt x 173.00737pt.
 [8 <./Figures/BLDC_runner.jpg> <./Figures/BLDC_pole.jpg>]
<./Figures/ESC_BLDC_connection.png, id=360, 1284.8pt x 610.28pt>
File: ./Figures/ESC_BLDC_connection.png Graphic file (type png)
<use ./Figures/ESC_BLDC_connection.png>
Package pdftex.def Info: ./Figures/ESC_BLDC_connection.png  used on input line 
74.
(pdftex.def)             Requested size: 398.33858pt x 189.21277pt.
) (chapter-3/chapter-3.tex [9 <./Figures/ESC_BLDC_connection.png>]
Chapter 3.
<./Figures/UART.png, id=366, 513.8397pt x 246.4407pt>
File: ./Figures/UART.png Graphic file (type png)
<use ./Figures/UART.png>
Package pdftex.def Info: ./Figures/UART.png  used on input line 8.
(pdftex.def)             Requested size: 398.33858pt x 191.05348pt.
[10


 <./Figures/UART.png>]
<./Figures/SPI_single_slave.png, id=373, 578.76225pt x 155.3805pt>
File: ./Figures/SPI_single_slave.png Graphic file (type png)
<use ./Figures/SPI_single_slave.png>
Package pdftex.def Info: ./Figures/SPI_single_slave.png  used on input line 26.

(pdftex.def)             Requested size: 312.9803pt x 84.02512pt.
<./Figures/SPI_multi_slave.png, id=376, 579.3645pt x 457.10776pt>
File: ./Figures/SPI_multi_slave.png Graphic file (type png)
<use ./Figures/SPI_multi_slave.png>
Package pdftex.def Info: ./Figures/SPI_multi_slave.png  used on input line 44.
(pdftex.def)             Requested size: 312.9803pt x 246.93913pt.


LaTeX Warning: `!h' float specifier changed to `!ht'.

[11 <./Figures/SPI_single_slave.png>]
<./Figures/I2C_multi_master.png, id=382, 1158.12675pt x 281.853pt>
File: ./Figures/I2C_multi_master.png Graphic file (type png)
<use ./Figures/I2C_multi_master.png>
Package pdftex.def Info: ./Figures/I2C_multi_master.png  used on input line 55.

(pdftex.def)             Requested size: 433.62pt x 105.53117pt.
) (chapter-4/chapter-4.tex [12 <./Figures/SPI_multi_slave.png> <./Figures/I2C_m
ulti_master.png>]
Chapter 4.
LaTeX Font Info:    Trying to load font information for OT1+pcr on input line 2
4.
(C:\Users\91900\AppData\Local\Programs\MiKTeX\tex/latex/psnfss\ot1pcr.fd
File: ot1pcr.fd 2001/06/04 font definitions for OT1/pcr.
)
Underfull \hbox (badness 10000) in paragraph at lines 24--25
[][]$\OT1/pcr/m/n/10 https : / / github . com / sachinomdubey / Projects / tree
 / main / Autonomous %
 []

[13

]
<./Figures/Wiring_UGV_flysky1.png, id=401, 4621.265pt x 2413.015pt>
File: ./Figures/Wiring_UGV_flysky1.png Graphic file (type png)
<use ./Figures/Wiring_UGV_flysky1.png>
Package pdftex.def Info: ./Figures/Wiring_UGV_flysky1.png  used on input line 2
9.
(pdftex.def)             Requested size: 433.62pt x 226.4037pt.
<./Figures/Flow_UGV_flysky.png, id=402, 643.9257pt x 340.3917pt>
File: ./Figures/Flow_UGV_flysky.png Graphic file (type png)
<use ./Figures/Flow_UGV_flysky.png>
Package pdftex.def Info: ./Figures/Flow_UGV_flysky.png  used on input line 36.
(pdftex.def)             Requested size: 433.62pt x 229.22469pt.
 [14 <./Figures/Wiring_UGV_flysky1.png> <./Figures/Flow_UGV_flysky.png>]
Underfull \hbox (badness 10000) in paragraph at lines 72--73
[][]$\OT1/pcr/m/n/10 https : / / github . com / sachinomdubey / Projects / tree
 / main / Autonomous %
 []

[15]
<./Figures/Wiring_UGV_phone.png, id=422, 630.1944pt x 434.3427pt>
File: ./Figures/Wiring_UGV_phone.png Graphic file (type png)
<use ./Figures/Wiring_UGV_phone.png>
Package pdftex.def Info: ./Figures/Wiring_UGV_phone.png  used on input line 77.

(pdftex.def)             Requested size: 433.62pt x 298.86172pt.
<./Figures/Flow_UGV_phone.png, id=423, 578.8827pt x 340.3917pt>
File: ./Figures/Flow_UGV_phone.png Graphic file (type png)
<use ./Figures/Flow_UGV_phone.png>
Package pdftex.def Info: ./Figures/Flow_UGV_phone.png  used on input line 84.
(pdftex.def)             Requested size: 433.62pt x 254.9763pt.


LaTeX Warning: `!h' float specifier changed to `!ht'.

<./Figures/Dabble_app_UI.jpg, id=425, 678.73575pt x 324.61275pt>
File: ./Figures/Dabble_app_UI.jpg Graphic file (type jpg)
<use ./Figures/Dabble_app_UI.jpg>
Package pdftex.def Info: ./Figures/Dabble_app_UI.jpg  used on input line 95.
(pdftex.def)             Requested size: 341.43306pt x 163.2966pt.

LaTeX Warning: `!h' float specifier changed to `!ht'.

[16 <./Figures/Wiring_UGV_phone.png>] [17 <./Figures/Flow_UGV_phone.png> <./Fig
ures/Dabble_app_UI.jpg>]
<./Figures/Wiring_UGV_speech.png, id=440, 629.4717pt x 434.3427pt>
File: ./Figures/Wiring_UGV_speech.png Graphic file (type png)
<use ./Figures/Wiring_UGV_speech.png>
Package pdftex.def Info: ./Figures/Wiring_UGV_speech.png  used on input line 12
7.
(pdftex.def)             Requested size: 433.62pt x 299.19972pt.


LaTeX Warning: `!h' float specifier changed to `!ht'.

<./Figures/Flow_UGV_speech.png, id=441, 659.1024pt x 340.3917pt>
File: ./Figures/Flow_UGV_speech.png Graphic file (type png)
<use ./Figures/Flow_UGV_speech.png>
Package pdftex.def Info: ./Figures/Flow_UGV_speech.png  used on input line 134.

(pdftex.def)             Requested size: 433.62pt x 223.94244pt.

LaTeX Warning: `!h' float specifier changed to `!ht'.


Underfull \hbox (badness 10000) in paragraph at lines 141--142
[][]$\OT1/pcr/m/n/10 https : / / github . com / sachinomdubey / Projects / tree
 / main / Autonomous %
 []

<./Figures/Speech_ctrl_IITH.jpg, id=444, 608.2725pt x 1284.8pt>
File: ./Figures/Speech_ctrl_IITH.jpg Graphic file (type jpg)
<use ./Figures/Speech_ctrl_IITH.jpg>
Package pdftex.def Info: ./Figures/Speech_ctrl_IITH.jpg  used on input line 153
.
(pdftex.def)             Requested size: 142.26378pt x 300.47731pt.
[18

] [19 <./Figures/Wiring_UGV_speech.png> <./Figures/Flow_UGV_speech.png>]
[20 <./Figures/Speech_ctrl_IITH.jpg>]
Underfull \hbox (badness 10000) in paragraph at lines 184--185
[][]$\OT1/pcr/m/n/10 https : / / github . com / sachinomdubey / Projects / tree
 / main / Autonomous %
 []

<./Figures/Wiring_UGV_beacon.png, id=468, 630.1944pt x 434.3427pt>
File: ./Figures/Wiring_UGV_beacon.png Graphic file (type png)
<use ./Figures/Wiring_UGV_beacon.png>
Package pdftex.def Info: ./Figures/Wiring_UGV_beacon.png  used on input line 18
9.
(pdftex.def)             Requested size: 433.62pt x 298.86172pt.

LaTeX Warning: `!h' float specifier changed to `!ht'.

<./Figures/Flow_UGV_beacon.png, id=469, 716.9184pt x 388.0899pt>
File: ./Figures/Flow_UGV_beacon.png Graphic file (type png)
<use ./Figures/Flow_UGV_beacon.png>
Package pdftex.def Info: ./Figures/Flow_UGV_beacon.png  used on input line 196.

(pdftex.def)             Requested size: 433.62pt x 234.73293pt.

LaTeX Warning: `!h' float specifier changed to `!ht'.

[21

] [22 <./Figures/Wiring_UGV_beacon.png> <./Figures/Flow_UGV_beacon.png>]
Underfull \hbox (badness 10000) in paragraph at lines 232--233
[][]$\OT1/pcr/m/n/10 https : / / github . com / sachinomdubey / Projects / blob
 / main / Autonomous %
 []

<./Figures/Wiring_UAV_ESP32_commlink.png, id=488, 737.8767pt x 384.4764pt>
File: ./Figures/Wiring_UAV_ESP32_commlink.png Graphic file (type png)
<use ./Figures/Wiring_UAV_ESP32_commlink.png>
Package pdftex.def Info: ./Figures/Wiring_UAV_ESP32_commlink.png  used on input
 line 237.
(pdftex.def)             Requested size: 433.62pt x 225.94737pt.

LaTeX Warning: `!h' float specifier changed to `!ht'.

<./Figures/Flow_UAV_ESP32_commlink.png, id=489, 615.0177pt x 403.2666pt>
File: ./Figures/Flow_UAV_ESP32_commlink.png Graphic file (type png)
<use ./Figures/Flow_UAV_ESP32_commlink.png>
Package pdftex.def Info: ./Figures/Flow_UAV_ESP32_commlink.png  used on input l
ine 244.
(pdftex.def)             Requested size: 398.33858pt x 261.19102pt.
[23] [24 <./Figures/Wiring_UAV_ESP32_commlink.png>] [25 <./Figures/Flow_UAV_ESP
32_commlink.png>]
<./Figures/Wiring_FreeRTOS_demo.png, id=514, 629.4717pt x 398.9304pt>
File: ./Figures/Wiring_FreeRTOS_demo.png Graphic file (type png)
<use ./Figures/Wiring_FreeRTOS_demo.png>
Package pdftex.def Info: ./Figures/Wiring_FreeRTOS_demo.png  used on input line
 284.
(pdftex.def)             Requested size: 433.62pt x 274.80574pt.
 [26 <./Figures/Wiring_FreeRTOS_demo.png>]
Underfull \hbox (badness 10000) in paragraph at lines 302--303
[][]$\OT1/pcr/m/n/10 https : / / github . com / sachinomdubey / Projects / tree
 / main / Autonomous %
 []

(C:\Users\91900\AppData\Local\Programs\MiKTeX\tex/latex/listings\lstlang1.sty
File: lstlang1.sty 2020/03/24 1.8d listings language file
)
(C:\Users\91900\AppData\Local\Programs\MiKTeX\tex/latex/listings\lstmisc.sty
File: lstmisc.sty 2020/03/24 1.8d (Carsten Heinz)
)
[27]) (chapter-5/chapter-5.tex [28]
Chapter 5.
[29

]
Underfull \hbox (badness 10000) in paragraph at lines 28--29
[][]$\OT1/pcr/m/n/10 https : / / github . com / sachinomdubey / Projects / tree
 / main / Autonomous %
 []

<./Figures/Wiring_UGV_flysky_Vaman.png, id=563, 643.9257pt x 521.0667pt>
File: ./Figures/Wiring_UGV_flysky_Vaman.png Graphic file (type png)
<use ./Figures/Wiring_UGV_flysky_Vaman.png>
Package pdftex.def Info: ./Figures/Wiring_UGV_flysky_Vaman.png  used on input l
ine 33.
(pdftex.def)             Requested size: 433.62pt x 350.89384pt.
[30 <./Figures/Wiring_UGV_flysky_Vaman.png>]
Underfull \hbox (badness 10000) in paragraph at lines 71--72
[][]$\OT1/pcr/m/n/10 https : / / github . com / sachinomdubey / Projects / tree
 / main / Autonomous %
 []

<./Figures/Wiring_UGV_phone_vaman.png, id=575, 644.6484pt x 521.7894pt>
File: ./Figures/Wiring_UGV_phone_vaman.png Graphic file (type png)
<use ./Figures/Wiring_UGV_phone_vaman.png>
Package pdftex.def Info: ./Figures/Wiring_UGV_phone_vaman.png  used on input li
ne 76.
(pdftex.def)             Requested size: 433.62pt x 350.9904pt.

LaTeX Warning: `!h' float specifier changed to `!ht'.

[31] [32 <./Figures/Wiring_UGV_phone_vaman.png>]
<./Figures/Wiring_FreeRTOS_demo_vaman.png, id=591, 643.9257pt x 516.0078pt>
File: ./Figures/Wiring_FreeRTOS_demo_vaman.png Graphic file (type png)
<use ./Figures/Wiring_FreeRTOS_demo_vaman.png>
Package pdftex.def Info: ./Figures/Wiring_FreeRTOS_demo_vaman.png  used on inpu
t line 113.
(pdftex.def)             Requested size: 433.62pt x 347.48712pt.
 [33]
Underfull \hbox (badness 10000) in paragraph at lines 129--130
[][]$\OT1/pcr/m/n/10 https : / / github . com / sachinomdubey / Projects / tree
 / main / Autonomous %
 []

[34 <./Figures/Wiring_FreeRTOS_demo_vaman.png>] [35] [36])
(chapter-6/chapter-6.tex
Chapter 6.
<./Figures/Conventional_5G.png, id=638, 4059.165pt x 1329.96875pt>
File: ./Figures/Conventional_5G.png Graphic file (type png)
<use ./Figures/Conventional_5G.png>
Package pdftex.def Info: ./Figures/Conventional_5G.png  used on input line 9.
(pdftex.def)             Requested size: 341.43306pt x 111.85866pt.
[37

 <./Figures/Conventional_5G.png>]
<./Figures/SATCOM_figure.png, id=645, 6444.075pt x 4029.0525pt>
File: ./Figures/SATCOM_figure.png Graphic file (type png)
<use ./Figures/SATCOM_figure.png>
Package pdftex.def Info: ./Figures/SATCOM_figure.png  used on input line 22.
(pdftex.def)             Requested size: 455.3023pt x 284.64458pt.

Overfull \hbox (21.68231pt too wide) in paragraph at lines 22--23
 [][] 
 []

[38 <./Figures/SATCOM_figure.png>] [39]
Overfull \hbox (25.23277pt too wide) in paragraph at lines 90--92
\OT1/cmr/bx/n/10 NOTE : \OT1/cmr/m/n/10 For Pre-requisites and de-tailed in-sta
l-la-tion steps , Please re-fer to the file \OT1/cmr/bx/n/10 "UE[]gNB[]setup[]u
ser[]
 []

[40] [41]) (conclusion-chapter/conclusion.tex [42]
Chapter 7.
) [43

]
Package atveryend Info: Empty hook `BeforeClearDocument' on input line 58.
Package atveryend Info: Empty hook `AfterLastShipout' on input line 58.
 (thesis.aux)
Package atveryend Info: Empty hook `AtVeryEndDocument' on input line 58.
Package atveryend Info: Executing hook `AtEndAfterFileList' on input line 58.
Package rerunfilecheck Info: File `thesis.out' has not changed.
(rerunfilecheck)             Checksum: DA77549FC5BB6F5366E0B63A3E79B2D6;3060.


LaTeX Warning: There were multiply-defined labels.

Package atveryend Info: Empty hook `AtVeryVeryEnd' on input line 58.
 ) 
Here is how much of TeX's memory you used:
 21322 strings out of 481212
 413278 string characters out of 2905974
 874944 words of memory out of 3000000
 36225 multiletter control sequences out of 15000+200000
 541553 words of font info for 51 fonts, out of 3000000 for 9000
 1141 hyphenation exceptions out of 8191
 68i,15n,75p,948b,1927s stack positions out of 5000i,500n,10000p,200000b,50000s
{C:/Users/91900/AppData/Local/Programs/MiKTeX/fonts/enc/dvips/base/8r.enc} <C
:\Users\91900\AppData\Local\MiKTeX\fonts/pk/ljfour/jknappen/ec/dpi600\tcrm1000.
pk> <C:\Users\91900\AppData\Local\MiKTeX\fonts/pk/ljfour/jknappen/ec/dpi600\tcb
x0900.pk><C:/Users/91900/AppData/Local/Programs/MiKTeX/fonts/type1/public/amsfo
nts/cm/cmbx10.pfb><C:/Users/91900/AppData/Local/Programs/MiKTeX/fonts/type1/pub
lic/amsfonts/cm/cmbx12.pfb><C:/Users/91900/AppData/Local/Programs/MiKTeX/fonts/
type1/public/amsfonts/cm/cmbx9.pfb><C:/Users/91900/AppData/Local/Programs/MiKTe
X/fonts/type1/public/amsfonts/cm/cmmi10.pfb><C:/Users/91900/AppData/Local/Progr
ams/MiKTeX/fonts/type1/public/amsfonts/cm/cmr10.pfb><C:/Users/91900/AppData/Loc
al/Programs/MiKTeX/fonts/type1/public/amsfonts/cm/cmsy10.pfb><C:/Users/91900/Ap
pData/Local/Programs/MiKTeX/fonts/type1/urw/courier/ucrb8a.pfb><C:/Users/91900/
AppData/Local/Programs/MiKTeX/fonts/type1/urw/courier/ucrr8a.pfb>
Output written on thesis.pdf (50 pages, 10449463 bytes).
PDF statistics:
 814 PDF objects out of 1000 (max. 8388607)
 246 named destinations out of 1000 (max. 500000)
 501 words of extra memory for PDF output out of 10000 (max. 10000000)

