\BOOKMARK [1][-]{Doc-Start}{Approval Sheet}{}% 1
\BOOKMARK [1][-]{Doc-Start}{Abstract}{}% 2
\BOOKMARK [0][-]{chapter.1}{Introduction}{}% 3
\BOOKMARK [1][-]{section.1.1}{Controllers and their specifications}{chapter.1}% 4
\BOOKMARK [2][-]{subsection.1.1.1}{ESP32 Micro-controller}{section.1.1}% 5
\BOOKMARK [2][-]{subsection.1.1.2}{Vaman Pygmy BB4}{section.1.1}% 6
\BOOKMARK [2][-]{subsection.1.1.3}{Arduino Uno}{section.1.1}% 7
\BOOKMARK [2][-]{subsection.1.1.4}{Raspberry Pi 3B}{section.1.1}% 8
\BOOKMARK [0][-]{chapter.2}{Basics of Motor control}{}% 9
\BOOKMARK [1][-]{section.2.1}{PWM speed control}{chapter.2}% 10
\BOOKMARK [1][-]{section.2.2}{Brushed DC motor}{chapter.2}% 11
\BOOKMARK [1][-]{section.2.3}{Brush-less DC motor}{chapter.2}% 12
\BOOKMARK [0][-]{chapter.3}{Serial communication protocols}{}% 13
\BOOKMARK [1][-]{section.3.1}{UART \(Universal Asynchronous Receiver/Transmitter\)}{chapter.3}% 14
\BOOKMARK [1][-]{section.3.2}{SPI \(Serial Peripheral Interface\)}{chapter.3}% 15
\BOOKMARK [1][-]{section.3.3}{I2C Protocol}{chapter.3}% 16
\BOOKMARK [0][-]{chapter.4}{ESP32 Based Applications}{}% 17
\BOOKMARK [1][-]{section.4.1}{UGV \(Unmanned Ground Vehicle\)}{chapter.4}% 18
\BOOKMARK [2][-]{subsection.4.1.1}{Navigation using Fly-sky Transmitter and Receiver}{section.4.1}% 19
\BOOKMARK [2][-]{subsection.4.1.2}{Navigation using Android phone}{section.4.1}% 20
\BOOKMARK [2][-]{subsection.4.1.3}{Navigation using Speech commands}{section.4.1}% 21
\BOOKMARK [2][-]{subsection.4.1.4}{Beacon Tracking using ESP32}{section.4.1}% 22
\BOOKMARK [1][-]{section.4.2}{UAV \(Unmanned Aerial Vehicle\)}{chapter.4}% 23
\BOOKMARK [2][-]{subsection.4.2.1}{Navigation using ESP32 and Android phone}{section.4.2}% 24
\BOOKMARK [1][-]{section.4.3}{Running two tasks simultaneously using FreeRTOS \(Arduino\) }{chapter.4}% 25
\BOOKMARK [0][-]{chapter.5}{Vaman Based Applications}{}% 26
\BOOKMARK [1][-]{section.5.1}{UGV \(Unmanned Ground Vehicle\)}{chapter.5}% 27
\BOOKMARK [2][-]{subsection.5.1.1}{Navigation using Fly-sky Transmitter and Receiver}{section.5.1}% 28
\BOOKMARK [2][-]{subsection.5.1.2}{Navigation using Android phone}{section.5.1}% 29
\BOOKMARK [1][-]{section.5.2}{Simultaneous execution of tasks using FreeRTOS}{chapter.5}% 30
\BOOKMARK [0][-]{chapter.6}{SATCOM for UAV Communication}{}% 31
\BOOKMARK [1][-]{section.6.1}{SATCOM Introduction}{chapter.6}% 32
\BOOKMARK [2][-]{subsection.6.1.1}{Application of SATCOM based UAV}{section.6.1}% 33
\BOOKMARK [1][-]{section.6.2}{Set-up for Demonstration of SATCOM}{chapter.6}% 34
\BOOKMARK [1][-]{section.6.3}{Video Streaming using SATCOM}{chapter.6}% 35
\BOOKMARK [2][-]{subsection.6.3.1}{FREE-5GC}{section.6.3}% 36
\BOOKMARK [2][-]{subsection.6.3.2}{gNB}{section.6.3}% 37
\BOOKMARK [2][-]{subsection.6.3.3}{UE}{section.6.3}% 38
\BOOKMARK [2][-]{subsection.6.3.4}{Addition of delays over Ethernet to emulate Satellite link}{section.6.3}% 39
\BOOKMARK [2][-]{subsection.6.3.5}{Streaming video from 5GC to UE via gNB}{section.6.3}% 40
\BOOKMARK [0][-]{chapter.7}{Conclusion and Future Directions}{}% 41
