\BOOKMARK [2][]{Outline0.1}{Content}{}% 1
\BOOKMARK [2][]{Outline0.2}{Introduction}{}% 2
\BOOKMARK [2][]{Outline0.3}{UGV kit hardware}{}% 3
\BOOKMARK [2][]{Outline0.4}{UAV kit hardware}{}% 4
\BOOKMARK [2][]{Outline0.5}{Controllers}{}% 5
\BOOKMARK [2][]{Outline0.6}{Controllers \(Vaman\)}{}% 6
\BOOKMARK [2][]{Outline0.7}{Motor control using PWM}{}% 7
\BOOKMARK [2][]{Outline0.8}{Motor control using PWM 1}{}% 8
\BOOKMARK [2][]{Outline0.9}{ESP32 Based Application 1}{}% 9
\BOOKMARK [2][]{Outline0.10}{ESP32 Based Application 2}{}% 10
\BOOKMARK [2][]{Outline0.11}{ESP32 Based Application 3}{}% 11
\BOOKMARK [2][]{Outline0.12}{ESP32 Based Application 4}{}% 12
\BOOKMARK [2][]{Outline0.13}{Vaman Based Application 1}{}% 13
\BOOKMARK [2][]{Outline0.14}{Vaman Based Application 2}{}% 14
\BOOKMARK [2][]{Outline0.15}{SATCOM for UAV Communication}{}% 15
\BOOKMARK [2][]{Outline0.16}{SATCOM for UAV Communication}{}% 16
\BOOKMARK [2][]{Outline0.17}{Transparent satellite based NG-RAN architecture}{}% 17
\BOOKMARK [2][]{Outline0.18}{Set-up for Demonstration of SATCOM}{}% 18
\BOOKMARK [2][]{Outline0.19}{Free-5GC Environment}{}% 19
\BOOKMARK [2][]{Outline0.20}{Compilation and Execution at gNB}{}% 20
\BOOKMARK [2][]{Outline0.21}{Compilation and Execution at UE}{}% 21
\BOOKMARK [2][]{Outline0.22}{Emulating Satellite round-trip delay}{}% 22
\BOOKMARK [2][]{Outline0.23}{Testing the added latency using ping}{}% 23
\BOOKMARK [2][]{Outline0.24}{5G-NR Call Flow}{}% 24
\BOOKMARK [2][]{Outline0.25}{Streaming Video using the setup}{}% 25
\BOOKMARK [2][]{Outline0.26}{Streaming Video using the setup}{}% 26
\BOOKMARK [2][]{Outline0.27}{Video stream result}{}% 27
\BOOKMARK [2][]{Outline0.28}{UGV control using NBIoT setup}{}% 28
\BOOKMARK [2][]{Outline0.29}{Conclusion}{}% 29
\BOOKMARK [2][]{Outline0.30}{References}{}% 30
